14:35:38.002 [TestNG-tests-3] INFO  OpenCartE2EFramework.TestCases.TC001_AccountRegistrationTest - ********Starting TC001_AccountRegistrationTest**********
14:35:38.023 [TestNG-tests-2] INFO  OpenCartE2EFramework.TestCases.TC001_AccountRegistrationTest - ********Starting TC001_AccountRegistrationTest**********
14:35:38.264 [TestNG-tests-2] INFO  OpenCartE2EFramework.TestCases.TC001_AccountRegistrationTest - Clicked on My Account Link.....
14:35:38.841 [TestNG-tests-2] INFO  OpenCartE2EFramework.TestCases.TC001_AccountRegistrationTest - Clicked on My Register Link.....
14:35:38.974 [TestNG-tests-3] INFO  OpenCartE2EFramework.TestCases.TC001_AccountRegistrationTest - Clicked on My Account Link.....
14:35:39.363 [TestNG-tests-2] INFO  OpenCartE2EFramework.TestCases.TC001_AccountRegistrationTest - Name Entered.....
14:35:39.772 [TestNG-tests-3] INFO  OpenCartE2EFramework.TestCases.TC001_AccountRegistrationTest - Clicked on My Register Link.....
14:35:39.997 [TestNG-tests-3] INFO  OpenCartE2EFramework.TestCases.TC001_AccountRegistrationTest - Name Entered.....
14:35:42.489 [TestNG-tests-1] INFO  OpenCartE2EFramework.TestCases.TC001_AccountRegistrationTest - ********Starting TC001_AccountRegistrationTest**********
14:35:42.814 [TestNG-tests-1] INFO  OpenCartE2EFramework.TestCases.TC001_AccountRegistrationTest - Clicked on My Account Link.....
14:35:43.093 [TestNG-tests-2] INFO  OpenCartE2EFramework.TestCases.TC001_AccountRegistrationTest - All details entered.....
14:35:43.359 [TestNG-tests-1] INFO  OpenCartE2EFramework.TestCases.TC001_AccountRegistrationTest - Clicked on My Register Link.....
14:35:43.551 [TestNG-tests-1] INFO  OpenCartE2EFramework.TestCases.TC001_AccountRegistrationTest - Name Entered.....
14:35:44.006 [TestNG-tests-3] INFO  OpenCartE2EFramework.TestCases.TC001_AccountRegistrationTest - All details entered.....
14:35:46.997 [TestNG-tests-1] INFO  OpenCartE2EFramework.TestCases.TC001_AccountRegistrationTest - All details entered.....
14:35:48.040 [TestNG-tests-3] ERROR OpenCartE2EFramework.TestCases.TC001_AccountRegistrationTest - Test failed.....
14:35:51.171 [TestNG-tests-1] ERROR OpenCartE2EFramework.TestCases.TC001_AccountRegistrationTest - Test failed.....
14:40:06.724 [main] INFO  org.testng.internal.Utils - [TestNG] Running:
  C:\Users\SHIVESH\IdeaProjects\OpenCartE2EFramework\master.xml

14:40:12.306 [main] INFO  OpenCartE2EFramework.TestCases.TC001_AccountRegistrationTest - ********Starting TC001_AccountRegistrationTest**********
14:40:12.627 [main] INFO  OpenCartE2EFramework.TestCases.TC001_AccountRegistrationTest - Clicked on My Account Link.....
14:40:13.229 [main] INFO  OpenCartE2EFramework.TestCases.TC001_AccountRegistrationTest - Clicked on My Register Link.....
14:40:13.393 [main] INFO  OpenCartE2EFramework.TestCases.TC001_AccountRegistrationTest - Name Entered.....
14:40:16.872 [main] INFO  OpenCartE2EFramework.TestCases.TC001_AccountRegistrationTest - All details entered.....
14:40:21.884 [main] INFO  OpenCartE2EFramework.TestCases.TC001_AccountRegistrationTest - All good....
14:40:21.885 [main] INFO  OpenCartE2EFramework.TestCases.TC001_AccountRegistrationTest - ********Finished TC001_AccountRegistrationTest**********
15:17:36.605 [main] INFO  org.testng.internal.Utils - [TestNG] Running:
  C:\Users\SHIVESH\IdeaProjects\OpenCartE2EFramework\master.xml

15:17:42.475 [main] INFO  OpenCartE2EFramework.TestCases.TC002_LoginPageTest - *****************Starting Login Test***********************
15:17:43.538 [main] INFO  OpenCartE2EFramework.TestCases.TC002_LoginPageTest - ************Finished TC002_LoginPageTest********************
15:27:29.959 [main] INFO  org.testng.internal.Utils - [TestNG] Running:
  C:\Users\SHIVESH\IdeaProjects\OpenCartE2EFramework\master.xml

15:27:35.612 [main] INFO  OpenCartE2EFramework.TestCases.TC001_AccountRegistrationTest - ********Starting TC001_AccountRegistrationTest**********
15:27:35.916 [main] INFO  OpenCartE2EFramework.TestCases.TC001_AccountRegistrationTest - Clicked on My Account Link.....
15:27:36.509 [main] INFO  OpenCartE2EFramework.TestCases.TC001_AccountRegistrationTest - Clicked on My Register Link.....
15:27:36.715 [main] INFO  OpenCartE2EFramework.TestCases.TC001_AccountRegistrationTest - Name Entered.....
15:27:40.508 [main] ERROR OpenCartE2EFramework.TestCases.TC001_AccountRegistrationTest - Test failed.....
15:40:28.889 [main] INFO  org.testng.internal.Utils - [TestNG] Running:
  C:\Users\SHIVESH\IdeaProjects\OpenCartE2EFramework\master.xml

15:40:34.238 [main] INFO  OpenCartE2EFramework.TestCases.TC002_LoginPageTest - *****************Starting Login Test***********************
15:40:39.312 [main] ERROR OpenCartE2EFramework.TestCases.TC002_LoginPageTest - Test Failed....
15:41:31.879 [main] INFO  org.testng.internal.Utils - [TestNG] Running:
  C:\Users\SHIVESH\IdeaProjects\OpenCartE2EFramework\master.xml

15:41:37.465 [main] INFO  OpenCartE2EFramework.TestCases.TC002_LoginPageTest - *****************Starting Login Test***********************
